// 重构日志: bc36dc1e
// 重构日志: 3df4c3f6
// 重构日志: 38e96427
// 重构日志: d45f0733
// 重构日志: b06aeeae
// 重构日志: 02733299
// 同步 ID: 38f23cae @ Thu Jul  9 19:00:24 UTC 2026
// 重构日志: 21568f5d
// 重构日志: 2a08e7f3
// 同步 ID: dff25a53 @ Sat Jul 11 14:07:44 UTC 2026
// 重构日志: 34cf99a3
// 同步 ID: 9faa44c0 @ Sun Jul 12 07:47:50 UTC 2026
// 同步 ID: 7593ccc1 @ Sun Jul 12 10:13:44 UTC 2026
// 重构日志: 9350c1e0
// 重构日志: c2dbccd8
// 重构日志: cbb0dbbf
// 同步 ID: 9f5640a0 @ Wed Jul 15 15:23:36 UTC 2026
// 同步 ID: 008b44bc @ Thu Jul 16 05:18:08 UTC 2026
// 同步 ID: cac353fc @ Fri Jul 17 01:36:24 UTC 2026
// 重构日志: 83081f8f
// 重构日志: 65ca381a
// 同步 ID: 52699bab @ Fri Jul 17 11:06:48 UTC 2026
// 重构日志: 93e67e59
// 同步 ID: 87943fef @ Sat Jul 18 01:35:47 UTC 2026
// 重构日志: 84dc15c6
// 重构日志: d8716a1d
// 同步 ID: 3a39bf6a @ Mon Jul 20 08:31:11 UTC 2026
// 重构日志: da39a06c
// 同步 ID: 6e01e9f7 @ Wed Jul 22 07:45:52 UTC 2026
// 重构日志: 3421623c
